[dotenv@17.2.3] injecting env (7) from .env -- tip: 🔐 prevent building .env in docker: https://dotenvx.com/prebuild
107 assets
2745 modules
webpack 5.104.1 compiled [1m[32msuccessfully[39m[22m in 35367 ms
No typescript errors found.
111 assets
2745 modules
webpack 5.104.1 compiled [1m[32msuccessfully[39m[22m in 21849 ms
No typescript errors found.
110 assets
2745 modules
webpack 5.104.1 compiled [1m[32msuccessfully[39m[22m in 20599 ms
No typescript errors found.
110 assets
2745 modules
webpack 5.104.1 compiled [1m[32msuccessfully[39m[22m in 20500 ms
No typescript errors found.
111 assets
2746 modules

[1m[33mWARNING[39m[22m in [1m[eslint] 
C:\Users\denis\OneDrive\Documents\GitHub\job-tracker-dashboard\src\pages\DashboardPage\ui\DashboardPlanCard.tsx
  91:25  warning  Prefer using nullish coalescing operator (`??`) instead of a logical or (`||`), as it is a safer operator  @typescript-eslint/prefer-nullish-coalescing
  98:25  warning  Prefer using nullish coalescing operator (`??`) instead of a logical or (`||`), as it is a safer operator  @typescript-eslint/prefer-nullish-coalescing

✖ 3 problems (1 [1m[31merror[39m[22m[1m, 2 warnings)
[39m[22m

webpack 5.104.1 compiled with [1m[33m1 warning[39m[22m in 20398 ms
No typescript errors found.
112 assets
2746 modules

[1m[33mWARNING[39m[22m in [1m[eslint] 
C:\Users\denis\OneDrive\Documents\GitHub\job-tracker-dashboard\src\pages\DashboardPage\ui\DashboardPlanCard.tsx
  91:25  warning  Prefer using nullish coalescing operator (`??`) instead of a logical or (`||`), as it is a safer operator  @typescript-eslint/prefer-nullish-coalescing
  98:25  warning  Prefer using nullish coalescing operator (`??`) instead of a logical or (`||`), as it is a safer operator  @typescript-eslint/prefer-nullish-coalescing

✖ 3 problems (1 [1m[31merror[39m[22m[1m, 2 warnings)
[39m[22m

webpack 5.104.1 compiled with [1m[33m1 warning[39m[22m in 20011 ms
No typescript errors found.
110 assets
2746 modules

[1m[33mWARNING[39m[22m in [1m[eslint] 
C:\Users\denis\OneDrive\Documents\GitHub\job-tracker-dashboard\src\pages\DashboardPage\ui\DashboardPlanCard.tsx
  91:25  warning  Prefer using nullish coalescing operator (`??`) instead of a logical or (`||`), as it is a safer operator  @typescript-eslint/prefer-nullish-coalescing
  98:25  warning  Prefer using nullish coalescing operator (`??`) instead of a logical or (`||`), as it is a safer operator  @typescript-eslint/prefer-nullish-coalescing

✖ 3 problems (1 [1m[31merror[39m[22m[1m, 2 warnings)
[39m[22m

webpack 5.104.1 compiled with [1m[33m1 warning[39m[22m in 19955 ms
No typescript errors found.
110 assets
2746 modules

[1m[33mWARNING[39m[22m in [1m[eslint] 
C:\Users\denis\OneDrive\Documents\GitHub\job-tracker-dashboard\src\pages\DashboardPage\ui\DashboardPlanCard.tsx
  31:10  warning  Prefer using nullish coalescing operator (`??`) instead of a ternary expression, as it is simpler to read  @typescript-eslint/prefer-nullish-coalescing

✖ 1 problem (0 errors, 1 warning)
[39m[22m

webpack 5.104.1 compiled with [1m[33m1 warning[39m[22m in 22686 ms
No typescript errors found.
110 assets
2746 modules
webpack 5.104.1 compiled [1m[32msuccessfully[39m[22m in 22069 ms
No typescript errors found.
110 assets
2746 modules
webpack 5.104.1 compiled [1m[32msuccessfully[39m[22m in 20446 ms
No typescript errors found.
111 assets
2746 modules
webpack 5.104.1 compiled [1m[32msuccessfully[39m[22m in 20738 ms
No typescript errors found.
110 assets
2746 modules
webpack 5.104.1 compiled [1m[32msuccessfully[39m[22m in 18538 ms
No typescript errors found.
111 assets
2746 modules
webpack 5.104.1 compiled [1m[32msuccessfully[39m[22m in 20256 ms
No typescript errors found.
110 assets
2746 modules
webpack 5.104.1 compiled [1m[32msuccessfully[39m[22m in 20208 ms
No typescript errors found.
110 assets
2746 modules

[1m[31mERROR[39m[22m in [1m./src/pages/dashboardPages.ts[39m[22m [1m[32m22:58-105[39m[22m
[1mModule [1m[31mnot found[39m[22m[1m: [1m[31mError[39m[22m[1m: Can't resolve './DashboardPage/DashboardCalendarPage' in 'C:\Users\denis\OneDrive\Documents\GitHub\job-tracker-dashboard\src\pages'[39m[22m

webpack 5.104.1 compiled with [1m[31m1 error[39m[22m in 20394 ms
Found 1 error in 20426 ms.
110 assets
2746 modules

[1m[31mERROR[39m[22m in [1m./src/pages/dashboardPages.ts[39m[22m [1m[32m22:58-105[39m[22m
[1mModule [1m[31mnot found[39m[22m[1m: [1m[31mError[39m[22m[1m: Can't resolve './DashboardPage/DashboardCalendarPage' in 'C:\Users\denis\OneDrive\Documents\GitHub\job-tracker-dashboard\src\pages'[39m[22m

webpack 5.104.1 compiled with [1m[31m1 error[39m[22m in 18703 ms
Found 1 error in 18736 ms.
110 assets
2746 modules

[1m[31mERROR[39m[22m in [1m./src/pages/dashboardPages.ts[39m[22m [1m[32m22:58-105[39m[22m
[1mModule [1m[31mnot found[39m[22m[1m: [1m[31mError[39m[22m[1m: Can't resolve './DashboardPage/DashboardCalendarPage' in 'C:\Users\denis\OneDrive\Documents\GitHub\job-tracker-dashboard\src\pages'[39m[22m

webpack 5.104.1 compiled with [1m[31m1 error[39m[22m in 20566 ms
Found 1 error in 20595 ms.
107 assets
2746 modules

[1m[31mERROR[39m[22m in [1m./src/pages/dashboardPages.ts[39m[22m [1m[32m22:58-105[39m[22m
[1mModule [1m[31mnot found[39m[22m[1m: [1m[31mError[39m[22m[1m: Can't resolve './DashboardPage/DashboardCalendarPage' in 'C:\Users\denis\OneDrive\Documents\GitHub\job-tracker-dashboard\src\pages'[39m[22m

webpack 5.104.1 compiled with [1m[31m1 error[39m[22m in 20111 ms
Found 1 error in 20145 ms.
112 assets
2749 modules
webpack 5.104.1 compiled [1m[32msuccessfully[39m[22m in 22150 ms
No typescript errors found.
113 assets
2749 modules
webpack 5.104.1 compiled [1m[32msuccessfully[39m[22m in 20766 ms
No typescript errors found.
112 assets
2749 modules
webpack 5.104.1 compiled [1m[32msuccessfully[39m[22m in 21297 ms
No typescript errors found.
109 assets
2749 modules
webpack 5.104.1 compiled [1m[32msuccessfully[39m[22m in 21466 ms
No typescript errors found.
112 assets
2749 modules
webpack 5.104.1 compiled [1m[32msuccessfully[39m[22m in 23155 ms
No typescript errors found.
109 assets
2749 modules
webpack 5.104.1 compiled [1m[32msuccessfully[39m[22m in 21156 ms
Found 2 errors in 21186 ms.
112 assets
2749 modules
webpack 5.104.1 compiled [1m[32msuccessfully[39m[22m in 20596 ms
Found 1 error in 20625 ms.
112 assets
2749 modules
webpack 5.104.1 compiled [1m[32msuccessfully[39m[22m in 19927 ms
No typescript errors found.
109 assets
2749 modules
webpack 5.104.1 compiled [1m[32msuccessfully[39m[22m in 19204 ms
No typescript errors found.
109 assets
2749 modules
webpack 5.104.1 compiled [1m[32msuccessfully[39m[22m in 19634 ms
No typescript errors found.
112 assets
2749 modules
webpack 5.104.1 compiled [1m[32msuccessfully[39m[22m in 20820 ms
No typescript errors found.
113 assets
2752 modules

[1m[33mWARNING[39m[22m in [1m[eslint] 
C:\Users\denis\OneDrive\Documents\GitHub\job-tracker-dashboard\src\pages\AccountSettingsPage\sections\notificationsSettings.sections.tsx
  170:22  warning  Prefer using nullish coalescing operator (`??`) instead of a ternary expression, as it is simpler to read  @typescript-eslint/prefer-nullish-coalescing

✖ 2 problems (1 [1m[31merror[39m[22m[1m, 1 warning)
[39m[22m

webpack 5.104.1 compiled with [1m[33m1 warning[39m[22m in 20727 ms
No typescript errors found.
112 assets
2752 modules

[1m[33mWARNING[39m[22m in [1m[eslint] 
C:\Users\denis\OneDrive\Documents\GitHub\job-tracker-dashboard\src\pages\AccountSettingsPage\sections\notificationsSettings.sections.tsx
  170:22  warning  Prefer using nullish coalescing operator (`??`) instead of a ternary expression, as it is simpler to read  @typescript-eslint/prefer-nullish-coalescing

✖ 2 problems (1 [1m[31merror[39m[22m[1m, 1 warning)
[39m[22m

webpack 5.104.1 compiled with [1m[33m1 warning[39m[22m in 19876 ms
No typescript errors found.
113 assets
2752 modules

[1m[33mWARNING[39m[22m in [1m[eslint] 
C:\Users\denis\OneDrive\Documents\GitHub\job-tracker-dashboard\src\pages\AccountSettingsPage\sections\notificationsSettings.sections.tsx
  170:22  warning  Prefer using nullish coalescing operator (`??`) instead of a ternary expression, as it is simpler to read  @typescript-eslint/prefer-nullish-coalescing

✖ 2 problems (1 [1m[31merror[39m[22m[1m, 1 warning)
[39m[22m

webpack 5.104.1 compiled with [1m[33m1 warning[39m[22m in 19617 ms
No typescript errors found.
109 assets
2752 modules

[1m[33mWARNING[39m[22m in [1m[eslint] 
C:\Users\denis\OneDrive\Documents\GitHub\job-tracker-dashboard\src\pages\AccountSettingsPage\sections\notificationsSettings.sections.tsx
  170:22  warning  Prefer using nullish coalescing operator (`??`) instead of a ternary expression, as it is simpler to read  @typescript-eslint/prefer-nullish-coalescing

✖ 2 problems (1 [1m[31merror[39m[22m[1m, 1 warning)
[39m[22m

webpack 5.104.1 compiled with [1m[33m1 warning[39m[22m in 20676 ms
No typescript errors found.
112 assets
2752 modules
webpack 5.104.1 compiled [1m[32msuccessfully[39m[22m in 21322 ms
No typescript errors found.
109 assets
2752 modules
webpack 5.104.1 compiled [1m[32msuccessfully[39m[22m in 21839 ms
No typescript errors found.
109 assets
2752 modules
webpack 5.104.1 compiled [1m[32msuccessfully[39m[22m in 19200 ms
No typescript errors found.
106 assets
2754 modules
webpack 5.104.1 compiled [1m[32msuccessfully[39m[22m in 21890 ms
No typescript errors found.
105 assets
2754 modules
webpack 5.104.1 compiled [1m[32msuccessfully[39m[22m in 19488 ms
No typescript errors found.
105 assets
2754 modules
webpack 5.104.1 compiled [1m[32msuccessfully[39m[22m in 21490 ms
No typescript errors found.
102 assets
2754 modules
webpack 5.104.1 compiled [1m[32msuccessfully[39m[22m in 21246 ms
No typescript errors found.
105 assets
2754 modules
webpack 5.104.1 compiled [1m[32msuccessfully[39m[22m in 21220 ms
No typescript errors found.
105 assets
2754 modules
webpack 5.104.1 compiled [1m[32msuccessfully[39m[22m in 21343 ms
No typescript errors found.
105 assets
2754 modules
webpack 5.104.1 compiled [1m[32msuccessfully[39m[22m in 20966 ms
No typescript errors found.
105 assets
2754 modules
webpack 5.104.1 compiled [1m[32msuccessfully[39m[22m in 20050 ms
No typescript errors found.
105 assets
2754 modules
webpack 5.104.1 compiled [1m[32msuccessfully[39m[22m in 21213 ms
No typescript errors found.
102 assets
2754 modules
webpack 5.104.1 compiled [1m[32msuccessfully[39m[22m in 21395 ms
No typescript errors found.
102 assets
2754 modules
webpack 5.104.1 compiled [1m[32msuccessfully[39m[22m in 21292 ms
No typescript errors found.
105 assets
2754 modules
webpack 5.104.1 compiled [1m[32msuccessfully[39m[22m in 22578 ms
No typescript errors found.
105 assets
2754 modules

[1m[33mWARNING[39m[22m in [1m[eslint] 
C:\Users\denis\OneDrive\Documents\GitHub\job-tracker-dashboard\src\pages\ApplicationDetailsPage\ApplicationDetailsPage.tsx
  68:18  warning  Unsafe assignment of an [1m[31merror[39m[22m[1m typed value  @typescript-eslint/no-unsafe-assignment

✖ 1 problem (0 errors, 1 warning)
[39m[22m

webpack 5.104.1 compiled with [1m[33m1 warning[39m[22m in 21511 ms
Found 1 error in 21545 ms.
105 assets
2754 modules

[1m[33mWARNING[39m[22m in [1m[eslint] 
C:\Users\denis\OneDrive\Documents\GitHub\job-tracker-dashboard\src\pages\ApplicationDetailsPage\applicationDetails.plan.tsx
  51:18  warning  Prefer using nullish coalescing operator (`??`) instead of a logical or (`||`), as it is a safer operator  @typescript-eslint/prefer-nullish-coalescing

✖ 1 problem (0 errors, 1 warning)
[39m[22m

webpack 5.104.1 compiled with [1m[33m1 warning[39m[22m in 21909 ms
Found 1 error in 21938 ms.
107 assets
2756 modules

[1m[33mWARNING[39m[22m in [1m[eslint] 
C:\Users\denis\OneDrive\Documents\GitHub\job-tracker-dashboard\src\pages\ApplicationDetailsPage\applicationDetails.plan.tsx
  51:18  warning  Prefer using nullish coalescing operator (`??`) instead of a logical or (`||`), as it is a safer operator  @typescript-eslint/prefer-nullish-coalescing

✖ 1 problem (0 errors, 1 warning)
[39m[22m

webpack 5.104.1 compiled with [1m[33m1 warning[39m[22m in 21118 ms
Found 3 errors in 21152 ms.
105 assets
2756 modules

[1m[33mWARNING[39m[22m in [1m[eslint] 
C:\Users\denis\OneDrive\Documents\GitHub\job-tracker-dashboard\src\pages\ApplicationDetailsPage\applicationDetails.plan.tsx
  51:18  warning  Prefer using nullish coalescing operator (`??`) instead of a logical or (`||`), as it is a safer operator  @typescript-eslint/prefer-nullish-coalescing

C:\Users\denis\OneDrive\Documents\GitHub\job-tracker-dashboard\src\pages\DashboardPage\DashboardCalendarPage.tsx
  68:18  warning  Prefer using nullish coalescing operator (`??`) instead of a logical or (`||`), as it is a safer operator  @typescript-eslint/prefer-nullish-coalescing

✖ 2 problems (0 errors, 2 warnings)
[39m[22m

webpack 5.104.1 compiled with [1m[33m1 warning[39m[22m in 22340 ms
Found 2 errors in 22378 ms.
107 assets
2756 modules

[1m[33mWARNING[39m[22m in [1m[eslint] 
C:\Users\denis\OneDrive\Documents\GitHub\job-tracker-dashboard\src\pages\ApplicationDetailsPage\applicationDetails.plan.tsx
  51:18  warning  Prefer using nullish coalescing operator (`??`) instead of a logical or (`||`), as it is a safer operator  @typescript-eslint/prefer-nullish-coalescing

C:\Users\denis\OneDrive\Documents\GitHub\job-tracker-dashboard\src\pages\DashboardPage\DashboardCalendarPage.tsx
  68:18  warning  Prefer using nullish coalescing operator (`??`) instead of a logical or (`||`), as it is a safer operator  @typescript-eslint/prefer-nullish-coalescing

✖ 2 problems (0 errors, 2 warnings)
[39m[22m

webpack 5.104.1 compiled with [1m[33m1 warning[39m[22m in 21360 ms
Found 2 errors in 21394 ms.
107 assets
2756 modules

[1m[33mWARNING[39m[22m in [1m[eslint] 
C:\Users\denis\OneDrive\Documents\GitHub\job-tracker-dashboard\src\pages\ApplicationDetailsPage\applicationDetails.plan.tsx
  51:18  warning  Prefer using nullish coalescing operator (`??`) instead of a logical or (`||`), as it is a safer operator  @typescript-eslint/prefer-nullish-coalescing

C:\Users\denis\OneDrive\Documents\GitHub\job-tracker-dashboard\src\pages\DashboardPage\DashboardCalendarPage.tsx
  68:18  warning  Prefer using nullish coalescing operator (`??`) instead of a logical or (`||`), as it is a safer operator  @typescript-eslint/prefer-nullish-coalescing

✖ 2 problems (0 errors, 2 warnings)
[39m[22m

webpack 5.104.1 compiled with [1m[33m1 warning[39m[22m in 22263 ms
Found 2 errors in 22299 ms.
106 assets
2756 modules

[1m[33mWARNING[39m[22m in [1m[eslint] 
C:\Users\denis\OneDrive\Documents\GitHub\job-tracker-dashboard\src\pages\ApplicationDetailsPage\applicationDetails.plan.tsx
  51:18  warning  Prefer using nullish coalescing operator (`??`) instead of a logical or (`||`), as it is a safer operator  @typescript-eslint/prefer-nullish-coalescing

C:\Users\denis\OneDrive\Documents\GitHub\job-tracker-dashboard\src\pages\DashboardPage\DashboardCalendarPage.tsx
  68:18  warning  Prefer using nullish coalescing operator (`??`) instead of a logical or (`||`), as it is a safer operator  @typescript-eslint/prefer-nullish-coalescing

✖ 2 problems (0 errors, 2 warnings)
[39m[22m

webpack 5.104.1 compiled with [1m[33m1 warning[39m[22m in 22449 ms
Found 2 errors in 22480 ms.
105 assets
2756 modules

[1m[33mWARNING[39m[22m in [1m[eslint] 
C:\Users\denis\OneDrive\Documents\GitHub\job-tracker-dashboard\src\pages\ApplicationDetailsPage\applicationDetails.plan.tsx
  51:10  warning  Prefer using nullish coalescing operator (`??`) instead of a ternary expression, as it is simpler to read  @typescript-eslint/prefer-nullish-coalescing

C:\Users\denis\OneDrive\Documents\GitHub\job-tracker-dashboard\src\pages\DashboardPage\DashboardCalendarPage.tsx
  68:10  warning  Prefer using nullish coalescing operator (`??`) instead of a ternary expression, as it is simpler to read  @typescript-eslint/prefer-nullish-coalescing

✖ 2 problems (0 errors, 2 warnings)
[39m[22m

webpack 5.104.1 compiled with [1m[33m1 warning[39m[22m in 22848 ms
Found 2 errors in 22892 ms.
106 assets
2756 modules
webpack 5.104.1 compiled [1m[32msuccessfully[39m[22m in 21599 ms
Found 2 errors in 21628 ms.
106 assets
2756 modules
webpack 5.104.1 compiled [1m[32msuccessfully[39m[22m in 23725 ms
Found 1 error in 23756 ms.
105 assets
2756 modules
webpack 5.104.1 compiled [1m[32msuccessfully[39m[22m in 21980 ms
No typescript errors found.
102 assets
2756 modules
webpack 5.104.1 compiled [1m[32msuccessfully[39m[22m in 23176 ms
No typescript errors found.
102 assets
2756 modules
webpack 5.104.1 compiled [1m[32msuccessfully[39m[22m in 21011 ms
No typescript errors found.
105 assets
2759 modules
webpack 5.104.1 compiled [1m[32msuccessfully[39m[22m in 23053 ms
No typescript errors found.
102 assets
2759 modules
webpack 5.104.1 compiled [1m[32msuccessfully[39m[22m in 22384 ms
No typescript errors found.
102 assets
2759 modules
webpack 5.104.1 compiled [1m[32msuccessfully[39m[22m in 22598 ms
No typescript errors found.
102 assets
2759 modules
webpack 5.104.1 compiled [1m[32msuccessfully[39m[22m in 21853 ms
No typescript errors found.
